<?xml version="1.0" encoding="UTF-8"?>
<testng-results skipped="0" failed="0" ignored="0" total="1" passed="1">
  <reporter-output>
  </reporter-output>
  <suite name="Sample test Suite" duration-ms="50564" started-at="2020-03-03T09:37:29Z" finished-at="2020-03-03T09:38:20Z">
    <groups>
    </groups>
    <test name="Sample test" duration-ms="50564" started-at="2020-03-03T09:37:29Z" finished-at="2020-03-03T09:38:20Z">
      <class name="com.training.sanity.tests.LoginTests">
        <test-method status="PASS" signature="setUpBeforeClass()[pri:0, instance:com.training.sanity.tests.LoginTests@482f8f11]" name="setUpBeforeClass" is-config="true" duration-ms="13" started-at="2020-03-03T15:07:29Z" finished-at="2020-03-03T15:07:29Z">
          <reporter-output>
          </reporter-output>
        </test-method> <!-- setUpBeforeClass -->
        <test-method status="PASS" signature="setUp()[pri:0, instance:com.training.sanity.tests.LoginTests@482f8f11]" name="setUp" is-config="true" duration-ms="25248" started-at="2020-03-03T15:07:29Z" finished-at="2020-03-03T15:07:54Z">
          <reporter-output>
          </reporter-output>
        </test-method> <!-- setUp -->
        <test-method status="PASS" signature="validLoginTest()[pri:0, instance:com.training.sanity.tests.LoginTests@482f8f11]" name="validLoginTest" duration-ms="21554" started-at="2020-03-03T15:07:54Z" finished-at="2020-03-03T15:08:16Z">
          <reporter-output>
          </reporter-output>
        </test-method> <!-- validLoginTest -->
        <test-method status="PASS" signature="tearDown()[pri:0, instance:com.training.sanity.tests.LoginTests@482f8f11]" name="tearDown" is-config="true" duration-ms="3715" started-at="2020-03-03T15:08:16Z" finished-at="2020-03-03T15:08:20Z">
          <reporter-output>
          </reporter-output>
        </test-method> <!-- tearDown -->
      </class> <!-- com.training.sanity.tests.LoginTests -->
    </test> <!-- Sample test -->
  </suite> <!-- Sample test Suite -->
</testng-results>
