<?xml version="1.0" encoding="UTF-8"?>
<!-- Generated by org.testng.reporters.JUnitXMLReporter -->
<testsuite hostname="DESKTOP-06C5ILO" ignored="0" name="Default test" tests="4" failures="0" timestamp="19 Mar 2020 10:25:19 GMT" time="89.16" errors="0">
  <testcase name="loginDBTest" time="5.106" classname="com.training.regression.tests.LoginExcelTest"/>
  <testcase name="loginDBTest" time="7.082" classname="com.training.regression.tests.LoginExcelTest"/>
  <testcase name="loginDBTest" time="6.591" classname="com.training.regression.tests.LoginExcelTest"/>
  <testcase name="loginDBTest" time="6.248" classname="com.training.regression.tests.LoginExcelTest"/>
</testsuite> <!-- Default test -->
