<?xml version="1.0" encoding="UTF-8"?>
<!-- Generated by org.testng.reporters.JUnitXMLReporter -->
<testsuite hostname="DESKTOP-06C5ILO" ignored="0" name="Sample test" tests="4" failures="0" timestamp="20 Mar 2020 04:09:00 GMT" time="180.002" errors="0">
  <testcase name="loginDBTest" time="10.176" classname="com.training.regression.tests.LoginExcelTest"/>
  <testcase name="loginDBTest" time="7.112" classname="com.training.regression.tests.LoginExcelTest"/>
  <testcase name="loginDBTest" time="7.056" classname="com.training.regression.tests.LoginExcelTest"/>
  <testcase name="loginDBTest" time="92.197" classname="com.training.regression.tests.LoginExcelTest"/>
</testsuite> <!-- Sample test -->
